
> frontend@0.1.0 start
> PORT=80 react-scripts start

Attempting to bind to HOST environment variable: 0.0.0.0
If this was unintentional, check that you haven't mistakenly set it in your shell.
Learn more here: https://cra.link/advanced-config

(node:242902) [DEP_WEBPACK_DEV_SERVER_ON_AFTER_SETUP_MIDDLEWARE] DeprecationWarning: 'onAfterSetupMiddleware' option is deprecated. Please use the 'setupMiddlewares' option.
(Use `node --trace-deprecation ...` to show where the warning was created)
(node:242902) [DEP_WEBPACK_DEV_SERVER_ON_BEFORE_SETUP_MIDDLEWARE] DeprecationWarning: 'onBeforeSetupMiddleware' option is deprecated. Please use the 'setupMiddlewares' option.
Starting the development server...

Compiled with warnings.

Failed to parse source map from '/home/asistentes_ia/zrn_alumnos/frontend/node_modules/html2pdf.js/dist/es6-promise.map' file: Error: ENOENT: no such file or directory, open '/home/asistentes_ia/zrn_alumnos/frontend/node_modules/html2pdf.js/dist/es6-promise.map'

Search for the keywords to learn more about each warning.
To ignore, add // eslint-disable-next-line to the line before.

WARNING in ./node_modules/html2pdf.js/dist/html2pdf.js
Module Warning (from ./node_modules/source-map-loader/dist/cjs.js):
Failed to parse source map from '/home/asistentes_ia/zrn_alumnos/frontend/node_modules/html2pdf.js/dist/es6-promise.map' file: Error: ENOENT: no such file or directory, open '/home/asistentes_ia/zrn_alumnos/frontend/node_modules/html2pdf.js/dist/es6-promise.map'

webpack compiled with 1 warning

> frontend@0.1.0 start
> PORT=80 react-scripts start

Attempting to bind to HOST environment variable: 0.0.0.0
If this was unintentional, check that you haven't mistakenly set it in your shell.
Learn more here: https://cra.link/advanced-config

(node:339833) [DEP_WEBPACK_DEV_SERVER_ON_AFTER_SETUP_MIDDLEWARE] DeprecationWarning: 'onAfterSetupMiddleware' option is deprecated. Please use the 'setupMiddlewares' option.
(Use `node --trace-deprecation ...` to show where the warning was created)
(node:339833) [DEP_WEBPACK_DEV_SERVER_ON_BEFORE_SETUP_MIDDLEWARE] DeprecationWarning: 'onBeforeSetupMiddleware' option is deprecated. Please use the 'setupMiddlewares' option.
Starting the development server...

Compiled with warnings.

Failed to parse source map from '/home/asistentes_ia/zrn_alumnos/frontend/node_modules/html2pdf.js/dist/es6-promise.map' file: Error: ENOENT: no such file or directory, open '/home/asistentes_ia/zrn_alumnos/frontend/node_modules/html2pdf.js/dist/es6-promise.map'

Search for the keywords to learn more about each warning.
To ignore, add // eslint-disable-next-line to the line before.

WARNING in ./node_modules/html2pdf.js/dist/html2pdf.js
Module Warning (from ./node_modules/source-map-loader/dist/cjs.js):
Failed to parse source map from '/home/asistentes_ia/zrn_alumnos/frontend/node_modules/html2pdf.js/dist/es6-promise.map' file: Error: ENOENT: no such file or directory, open '/home/asistentes_ia/zrn_alumnos/frontend/node_modules/html2pdf.js/dist/es6-promise.map'

webpack compiled with 1 warning
The build failed because the process exited too early. This probably means the system ran out of memory or someone called `kill -9` on the process.
